<?xml version="1.0" encoding="UTF-8"?>
<!-- Generated by org.testng.reporters.JUnitXMLReporter -->
<testsuite hostname="DS-2111AA680738" ignored="0" name="FixturePage" tests="3" failures="0" timestamp="11 Jul 2018 16:45:39 GMT" time="148.446" errors="0">
  <testcase name="FixturePageLink" time="37.301" classname="com.ManchesterUnitedKingdom.TestClass.FixturesClass"/>
  <testcase name="CalenderForm" time="52.885" classname="com.ManchesterUnitedKingdom.TestClass.FixturesClass"/>
  <testcase name="Verification_Google_Calender_title" time="22.101" classname="com.ManchesterUnitedKingdom.TestClass.FixturesClass"/>
</testsuite> <!-- FixturePage -->
