<?xml version="1.0" encoding="UTF-8"?>
<!-- Generated by org.testng.reporters.JUnitXMLReporter -->
<testsuite hostname="DS-2111AA680738" ignored="0" name="HelpPage" tests="5" failures="0" timestamp="11 Jul 2018 16:40:59 GMT" time="155.585" errors="0">
  <testcase name="Help" time="54.967" classname="com.ManchesterUnitedKingdom.TestClass.HelpPageClass"/>
  <testcase name="TitleOfPage_Verification" time="0.03" classname="com.ManchesterUnitedKingdom.TestClass.HelpPageClass"/>
  <testcase name="TitleOfTicketSales" time="2.208" classname="com.ManchesterUnitedKingdom.TestClass.HelpPageClass"/>
  <testcase name="Total_numberOfPhoneNumber" time="0.828" classname="com.ManchesterUnitedKingdom.TestClass.HelpPageClass"/>
  <testcase name="Total_numberOf_Title_OfPhoneNumber" time="0.913" classname="com.ManchesterUnitedKingdom.TestClass.HelpPageClass"/>
</testsuite> <!-- HelpPage -->
