<?xml version="1.0" encoding="UTF-8"?>
<testng-results skipped="0" failed="0" ignored="1" total="4" passed="3">
  <reporter-output>
  </reporter-output>
  <suite name="Login And ForgetPassword Module" duration-ms="316171" started-at="2018-07-21T15:00:01Z" finished-at="2018-07-21T15:05:17Z">
    <groups>
    </groups>
    <test name="Login And ForgetPassword" duration-ms="316171" started-at="2018-07-21T15:00:01Z" finished-at="2018-07-21T15:05:17Z">
      <class name="com.ManchesterUnitedKingdom.TestClass.LoginAndForgetPasswordClass">
        <test-method status="PASS" signature="InvokeBroswer()[pri:0, instance:com.ManchesterUnitedKingdom.TestClass.LoginAndForgetPasswordClass@536aaa8d]" name="InvokeBroswer" is-config="true" duration-ms="138480" started-at="2018-07-21T15:00:01Z" finished-at="2018-07-21T15:02:19Z">
          <reporter-output>
          </reporter-output>
        </test-method> <!-- InvokeBroswer -->
        <test-method status="PASS" signature="LoginPageModuletest()[pri:0, instance:com.ManchesterUnitedKingdom.TestClass.LoginAndForgetPasswordClass@536aaa8d]" name="LoginPageModuletest" duration-ms="17564" started-at="2018-07-21T15:02:19Z" finished-at="2018-07-21T15:02:37Z">
          <reporter-output>
          </reporter-output>
        </test-method> <!-- LoginPageModuletest -->
        <test-method status="PASS" signature="LogOUt()[pri:0, instance:com.ManchesterUnitedKingdom.TestClass.LoginAndForgetPasswordClass@536aaa8d]" name="LogOUt" duration-ms="42032" started-at="2018-07-21T15:02:37Z" depends-on-methods="com.ManchesterUnitedKingdom.TestClass.LoginAndForgetPasswordClass.LoginPageModuletest" finished-at="2018-07-21T15:03:19Z">
          <reporter-output>
          </reporter-output>
        </test-method> <!-- LogOUt -->
        <test-method status="PASS" signature="ForgetPassword()[pri:1, instance:com.ManchesterUnitedKingdom.TestClass.LoginAndForgetPasswordClass@536aaa8d]" name="ForgetPassword" duration-ms="113727" started-at="2018-07-21T15:03:19Z" finished-at="2018-07-21T15:05:13Z">
          <reporter-output>
          </reporter-output>
        </test-method> <!-- ForgetPassword -->
        <test-method status="PASS" signature="CloseBroswer()[pri:0, instance:com.ManchesterUnitedKingdom.TestClass.LoginAndForgetPasswordClass@536aaa8d]" name="CloseBroswer" is-config="true" duration-ms="4190" started-at="2018-07-21T15:05:13Z" finished-at="2018-07-21T15:05:17Z">
          <reporter-output>
          </reporter-output>
        </test-method> <!-- CloseBroswer -->
      </class> <!-- com.ManchesterUnitedKingdom.TestClass.LoginAndForgetPasswordClass -->
    </test> <!-- Login And ForgetPassword -->
  </suite> <!-- Login And ForgetPassword Module -->
</testng-results>
