<?xml version="1.0" encoding="UTF-8"?>
<!-- Generated by org.testng.reporters.JUnitXMLReporter -->
<testsuite hostname="DS-2111AA680738" ignored="1" name="Login And ForgetPassword" tests="3" failures="0" timestamp="21 Jul 2018 15:05:17 GMT" time="316.171" errors="0">
  <testcase name="LoginPageModuletest" time="17.564" classname="com.ManchesterUnitedKingdom.TestClass.LoginAndForgetPasswordClass"/>
  <testcase name="LogOUt" time="42.032" classname="com.ManchesterUnitedKingdom.TestClass.LoginAndForgetPasswordClass"/>
  <testcase name="ForgetPassword" time="113.727" classname="com.ManchesterUnitedKingdom.TestClass.LoginAndForgetPasswordClass"/>
  <testcase name="frogetPassword" time="0.0" classname="com.ManchesterUnitedKingdom.TestClass.LoginAndForgetPasswordClass">
    <ignored/>
  </testcase> <!-- frogetPassword -->
</testsuite> <!-- Login And ForgetPassword -->
