<?xml version="1.0" encoding="UTF-8"?>
<!-- Generated by org.testng.reporters.JUnitXMLReporter -->
<testsuite hostname="DS-2111AA680738" ignored="0" name="Tickets And Hospitality Page" tests="3" failures="0" timestamp="07 Jul 2018 12:17:23 GMT" time="238.278" errors="0">
  <testcase name="Match_ticketsFlow" time="52.138" classname="com.ManchesterUnitedKingdom.TestClass.Tickets_HospitalityClass"/>
  <testcase name="Tour_Tickets" time="7.336" classname="com.ManchesterUnitedKingdom.TestClass.Tickets_HospitalityClass"/>
  <testcase name="ClubAmerica" time="132.785" classname="com.ManchesterUnitedKingdom.TestClass.Tickets_HospitalityClass"/>
</testsuite> <!-- Tickets And Hospitality Page -->
